This file contains any messages produced by compilers while
running configure, to aid debugging if configure makes a mistake.

It was created by configure, which was
generated by GNU Autoconf 2.69.  Invocation command line was

  $ ./configure --prefix=/usr/opt/epicstcl --with-epics-rootdir=/usr/opt/epics

## --------- ##
## Platform. ##
## --------- ##

hostname = genesis
uname -m = x86_64
uname -r = 4.19.0-20-amd64
uname -s = Linux
uname -v = #1 SMP Debian 4.19.235-1 (2022-03-17)

/usr/bin/uname -p = unknown
/bin/uname -X     = unknown

/bin/arch              = unknown
/usr/bin/arch -k       = unknown
/usr/convex/getsysinfo = unknown
/usr/bin/hostinfo      = unknown
/bin/machine           = unknown
/usr/bin/oslevel       = unknown
/bin/universe          = unknown

PATH: /usr/opt/root/6.26.04/bin
PATH: /usr/local/bin
PATH: /usr/bin
PATH: /bin
PATH: /usr/local/games
PATH: /usr/games
PATH: .
PATH: /var/lib/gems/1.8/bin/
PATH: /user/fox/bin


## ----------- ##
## Core tests. ##
## ----------- ##

configure:2609: checking for a BSD-compatible install
configure:2677: result: /usr/bin/install -c
configure:2688: checking whether build environment is sane
configure:2743: result: yes
configure:2892: checking for a thread-safe mkdir -p
configure:2931: result: /bin/mkdir -p
configure:2938: checking for gawk
configure:2954: found /usr/bin/gawk
configure:2965: result: gawk
configure:2976: checking whether make sets $(MAKE)
configure:2998: result: yes
configure:3027: checking whether make supports nested variables
configure:3044: result: yes
configure:3179: checking operating system 
configure:3186: checking build system type
configure:3200: result: x86_64-pc-linux-gnu
configure:3220: checking host system type
configure:3233: result: x86_64-pc-linux-gnu
configure:3265: checking whether make supports the include directive
configure:3280: make -f confmf.GNU && cat confinc.out
this is the am__doit target
configure:3283: $? = 0
configure:3302: result: yes (GNU style)
configure:3372: checking for gcc
configure:3388: found /usr/bin/gcc
configure:3399: result: gcc
configure:3628: checking for C compiler version
configure:3637: gcc --version >&5
gcc (Debian 8.3.0-6) 8.3.0
Copyright (C) 2018 Free Software Foundation, Inc.
This is free software; see the source for copying conditions.  There is NO
warranty; not even for MERCHANTABILITY or FITNESS FOR A PARTICULAR PURPOSE.

configure:3648: $? = 0
configure:3637: gcc -v >&5
Using built-in specs.
COLLECT_GCC=gcc
COLLECT_LTO_WRAPPER=/usr/lib/gcc/x86_64-linux-gnu/8/lto-wrapper
OFFLOAD_TARGET_NAMES=nvptx-none
OFFLOAD_TARGET_DEFAULT=1
Target: x86_64-linux-gnu
Configured with: ../src/configure -v --with-pkgversion='Debian 8.3.0-6' --with-bugurl=file:///usr/share/doc/gcc-8/README.Bugs --enable-languages=c,ada,c++,go,brig,d,fortran,objc,obj-c++ --prefix=/usr --with-gcc-major-version-only --program-suffix=-8 --program-prefix=x86_64-linux-gnu- --enable-shared --enable-linker-build-id --libexecdir=/usr/lib --without-included-gettext --enable-threads=posix --libdir=/usr/lib --enable-nls --enable-bootstrap --enable-clocale=gnu --enable-libstdcxx-debug --enable-libstdcxx-time=yes --with-default-libstdcxx-abi=new --enable-gnu-unique-object --disable-vtable-verify --enable-libmpx --enable-plugin --enable-default-pie --with-system-zlib --with-target-system-zlib --enable-objc-gc=auto --enable-multiarch --disable-werror --with-arch-32=i686 --with-abi=m64 --with-multilib-list=m32,m64,mx32 --enable-multilib --with-tune=generic --enable-offload-targets=nvptx-none --without-cuda-driver --enable-checking=release --build=x86_64-linux-gnu --host=x86_64-linux-gnu --target=x86_64-linux-gnu
Thread model: posix
gcc version 8.3.0 (Debian 8.3.0-6) 
configure:3648: $? = 0
configure:3637: gcc -V >&5
gcc: error: unrecognized command line option '-V'
gcc: fatal error: no input files
compilation terminated.
configure:3648: $? = 1
configure:3637: gcc -qversion >&5
gcc: error: unrecognized command line option '-qversion'; did you mean '--version'?
gcc: fatal error: no input files
compilation terminated.
configure:3648: $? = 1
configure:3668: checking whether the C compiler works
configure:3690: gcc    conftest.c  >&5
configure:3694: $? = 0
configure:3742: result: yes
configure:3745: checking for C compiler default output file name
configure:3747: result: a.out
configure:3753: checking for suffix of executables
configure:3760: gcc -o conftest    conftest.c  >&5
configure:3764: $? = 0
configure:3786: result: 
configure:3808: checking whether we are cross compiling
configure:3816: gcc -o conftest    conftest.c  >&5
configure:3820: $? = 0
configure:3827: ./conftest
configure:3831: $? = 0
configure:3819: result: no
configure:3824: checking for suffix of object files
configure:3846: gcc -c   conftest.c >&5
configure:3850: $? = 0
configure:3871: result: o
configure:3875: checking whether we are using the GNU C compiler
configure:3894: gcc -c   conftest.c >&5
configure:3894: $? = 0
configure:3903: result: yes
configure:3912: checking whether gcc accepts -g
configure:3932: gcc -c -g  conftest.c >&5
configure:3932: $? = 0
configure:3973: result: yes
configure:3990: checking for gcc option to accept ISO C89
configure:4053: gcc  -c -g -O2  conftest.c >&5
configure:4053: $? = 0
configure:4066: result: none needed
configure:4091: checking whether gcc understands -c and -o together
configure:4113: gcc -c conftest.c -o conftest2.o
configure:4116: $? = 0
configure:4113: gcc -c conftest.c -o conftest2.o
configure:4116: $? = 0
configure:4128: result: yes
configure:4147: checking dependency style of gcc
configure:4258: result: gcc3
configure:4442: checking for the pthreads library -lpthreads
configure:4480: gcc -o conftest -g -O2    conftest.c -lpthreads  >&5
/usr/bin/ld: cannot find -lpthreads
collect2: error: ld returned 1 exit status
configure:4480: $? = 1
configure: failed program was:
| /* confdefs.h */
| #define PACKAGE_NAME ""
| #define PACKAGE_TARNAME ""
| #define PACKAGE_VERSION ""
| #define PACKAGE_STRING ""
| #define PACKAGE_BUGREPORT ""
| #define PACKAGE_URL ""
| /* end confdefs.h.  */
| #include <pthread.h>
|                         static void routine(void *a) { a = 0; }
|                         static void *start_routine(void *a) { return a; }
| int
| main ()
| {
| pthread_t th; pthread_attr_t attr;
|                         pthread_create(&th, 0, start_routine, 0);
|                         pthread_join(th, 0);
|                         pthread_attr_init(&attr);
|                         pthread_cleanup_push(routine, 0);
|                         pthread_cleanup_pop(0) /* ; */
|   ;
|   return 0;
| }
configure:4489: result: no
configure:4387: checking whether pthreads work without any flags
configure:4480: gcc -o conftest -g -O2    conftest.c   >&5
/usr/bin/ld: /tmp/cc3gEXZX.o: in function `main':
/fox/EpicsTcl/conftest.c:16: undefined reference to `pthread_create'
/usr/bin/ld: /fox/EpicsTcl/conftest.c:17: undefined reference to `pthread_join'
/usr/bin/ld: /fox/EpicsTcl/conftest.c:19: undefined reference to `__pthread_register_cancel'
/usr/bin/ld: /fox/EpicsTcl/conftest.c:20: undefined reference to `__pthread_unregister_cancel'
collect2: error: ld returned 1 exit status
configure:4480: $? = 1
configure: failed program was:
| /* confdefs.h */
| #define PACKAGE_NAME ""
| #define PACKAGE_TARNAME ""
| #define PACKAGE_VERSION ""
| #define PACKAGE_STRING ""
| #define PACKAGE_BUGREPORT ""
| #define PACKAGE_URL ""
| /* end confdefs.h.  */
| #include <pthread.h>
|                         static void routine(void *a) { a = 0; }
|                         static void *start_routine(void *a) { return a; }
| int
| main ()
| {
| pthread_t th; pthread_attr_t attr;
|                         pthread_create(&th, 0, start_routine, 0);
|                         pthread_join(th, 0);
|                         pthread_attr_init(&attr);
|                         pthread_cleanup_push(routine, 0);
|                         pthread_cleanup_pop(0) /* ; */
|   ;
|   return 0;
| }
configure:4489: result: no
configure:4392: checking whether pthreads work with -Kthread
configure:4480: gcc -o conftest -g -O2 -Kthread   conftest.c   >&5
gcc: error: unrecognized command line option '-Kthread'; did you mean '-pthread'?
configure:4480: $? = 1
configure: failed program was:
| /* confdefs.h */
| #define PACKAGE_NAME ""
| #define PACKAGE_TARNAME ""
| #define PACKAGE_VERSION ""
| #define PACKAGE_STRING ""
| #define PACKAGE_BUGREPORT ""
| #define PACKAGE_URL ""
| /* end confdefs.h.  */
| #include <pthread.h>
|                         static void routine(void *a) { a = 0; }
|                         static void *start_routine(void *a) { return a; }
| int
| main ()
| {
| pthread_t th; pthread_attr_t attr;
|                         pthread_create(&th, 0, start_routine, 0);
|                         pthread_join(th, 0);
|                         pthread_attr_init(&attr);
|                         pthread_cleanup_push(routine, 0);
|                         pthread_cleanup_pop(0) /* ; */
|   ;
|   return 0;
| }
configure:4489: result: no
configure:4392: checking whether pthreads work with -kthread
configure:4480: gcc -o conftest -g -O2 -kthread   conftest.c   >&5
gcc: error: unrecognized command line option '-kthread'; did you mean '-pthread'?
configure:4480: $? = 1
configure: failed program was:
| /* confdefs.h */
| #define PACKAGE_NAME ""
| #define PACKAGE_TARNAME ""
| #define PACKAGE_VERSION ""
| #define PACKAGE_STRING ""
| #define PACKAGE_BUGREPORT ""
| #define PACKAGE_URL ""
| /* end confdefs.h.  */
| #include <pthread.h>
|                         static void routine(void *a) { a = 0; }
|                         static void *start_routine(void *a) { return a; }
| int
| main ()
| {
| pthread_t th; pthread_attr_t attr;
|                         pthread_create(&th, 0, start_routine, 0);
|                         pthread_join(th, 0);
|                         pthread_attr_init(&attr);
|                         pthread_cleanup_push(routine, 0);
|                         pthread_cleanup_pop(0) /* ; */
|   ;
|   return 0;
| }
configure:4489: result: no
configure:4442: checking for the pthreads library -llthread
configure:4480: gcc -o conftest -g -O2    conftest.c -llthread  >&5
/usr/bin/ld: cannot find -llthread
collect2: error: ld returned 1 exit status
configure:4480: $? = 1
configure: failed program was:
| /* confdefs.h */
| #define PACKAGE_NAME ""
| #define PACKAGE_TARNAME ""
| #define PACKAGE_VERSION ""
| #define PACKAGE_STRING ""
| #define PACKAGE_BUGREPORT ""
| #define PACKAGE_URL ""
| /* end confdefs.h.  */
| #include <pthread.h>
|                         static void routine(void *a) { a = 0; }
|                         static void *start_routine(void *a) { return a; }
| int
| main ()
| {
| pthread_t th; pthread_attr_t attr;
|                         pthread_create(&th, 0, start_routine, 0);
|                         pthread_join(th, 0);
|                         pthread_attr_init(&attr);
|                         pthread_cleanup_push(routine, 0);
|                         pthread_cleanup_pop(0) /* ; */
|   ;
|   return 0;
| }
configure:4489: result: no
configure:4392: checking whether pthreads work with -pthread
configure:4480: gcc -o conftest -g -O2 -pthread   conftest.c   >&5
configure:4480: $? = 0
configure:4489: result: yes
configure:4508: checking for joinable pthread attribute
configure:4523: gcc -o conftest -g -O2 -pthread   conftest.c   >&5
configure:4523: $? = 0
configure:4529: result: PTHREAD_CREATE_JOINABLE
configure:4539: checking if more special flags are required for pthreads
configure:4553: result: no
configure:4559: checking for PTHREAD_PRIO_INHERIT
configure:4577: gcc -o conftest -g -O2 -pthread   conftest.c   >&5
configure:4577: $? = 0
configure:4586: result: yes
configure:4692: result: Building on linux-gnu kernel 4.19
configure:4742: checking for gawk
configure:4769: result: gawk
configure:4838: checking for g++
configure:4854: found /usr/bin/g++
configure:4865: result: g++
configure:4892: checking for C++ compiler version
configure:4901: g++ --version >&5
g++ (Debian 8.3.0-6) 8.3.0
Copyright (C) 2018 Free Software Foundation, Inc.
This is free software; see the source for copying conditions.  There is NO
warranty; not even for MERCHANTABILITY or FITNESS FOR A PARTICULAR PURPOSE.

configure:4912: $? = 0
configure:4901: g++ -v >&5
Using built-in specs.
COLLECT_GCC=g++
COLLECT_LTO_WRAPPER=/usr/lib/gcc/x86_64-linux-gnu/8/lto-wrapper
OFFLOAD_TARGET_NAMES=nvptx-none
OFFLOAD_TARGET_DEFAULT=1
Target: x86_64-linux-gnu
Configured with: ../src/configure -v --with-pkgversion='Debian 8.3.0-6' --with-bugurl=file:///usr/share/doc/gcc-8/README.Bugs --enable-languages=c,ada,c++,go,brig,d,fortran,objc,obj-c++ --prefix=/usr --with-gcc-major-version-only --program-suffix=-8 --program-prefix=x86_64-linux-gnu- --enable-shared --enable-linker-build-id --libexecdir=/usr/lib --without-included-gettext --enable-threads=posix --libdir=/usr/lib --enable-nls --enable-bootstrap --enable-clocale=gnu --enable-libstdcxx-debug --enable-libstdcxx-time=yes --with-default-libstdcxx-abi=new --enable-gnu-unique-object --disable-vtable-verify --enable-libmpx --enable-plugin --enable-default-pie --with-system-zlib --with-target-system-zlib --enable-objc-gc=auto --enable-multiarch --disable-werror --with-arch-32=i686 --with-abi=m64 --with-multilib-list=m32,m64,mx32 --enable-multilib --with-tune=generic --enable-offload-targets=nvptx-none --without-cuda-driver --enable-checking=release --build=x86_64-linux-gnu --host=x86_64-linux-gnu --target=x86_64-linux-gnu
Thread model: posix
gcc version 8.3.0 (Debian 8.3.0-6) 
configure:4912: $? = 0
configure:4901: g++ -V >&5
g++: error: unrecognized command line option '-V'
g++: fatal error: no input files
compilation terminated.
configure:4912: $? = 1
configure:4901: g++ -qversion >&5
g++: error: unrecognized command line option '-qversion'; did you mean '--version'?
g++: fatal error: no input files
compilation terminated.
configure:4912: $? = 1
configure:4916: checking whether we are using the GNU C++ compiler
configure:4935: g++ -c   conftest.cpp >&5
configure:4935: $? = 0
configure:4944: result: yes
configure:4953: checking whether g++ accepts -g
configure:4973: g++ -c -g  conftest.cpp >&5
configure:4973: $? = 0
configure:5014: result: yes
configure:5039: checking dependency style of g++
configure:5150: result: gcc3
configure:5213: checking for gcc
configure:5240: result: gcc
configure:5469: checking for C compiler version
configure:5478: gcc --version >&5
gcc (Debian 8.3.0-6) 8.3.0
Copyright (C) 2018 Free Software Foundation, Inc.
This is free software; see the source for copying conditions.  There is NO
warranty; not even for MERCHANTABILITY or FITNESS FOR A PARTICULAR PURPOSE.

configure:5489: $? = 0
configure:5478: gcc -v >&5
Using built-in specs.
COLLECT_GCC=gcc
COLLECT_LTO_WRAPPER=/usr/lib/gcc/x86_64-linux-gnu/8/lto-wrapper
OFFLOAD_TARGET_NAMES=nvptx-none
OFFLOAD_TARGET_DEFAULT=1
Target: x86_64-linux-gnu
Configured with: ../src/configure -v --with-pkgversion='Debian 8.3.0-6' --with-bugurl=file:///usr/share/doc/gcc-8/README.Bugs --enable-languages=c,ada,c++,go,brig,d,fortran,objc,obj-c++ --prefix=/usr --with-gcc-major-version-only --program-suffix=-8 --program-prefix=x86_64-linux-gnu- --enable-shared --enable-linker-build-id --libexecdir=/usr/lib --without-included-gettext --enable-threads=posix --libdir=/usr/lib --enable-nls --enable-bootstrap --enable-clocale=gnu --enable-libstdcxx-debug --enable-libstdcxx-time=yes --with-default-libstdcxx-abi=new --enable-gnu-unique-object --disable-vtable-verify --enable-libmpx --enable-plugin --enable-default-pie --with-system-zlib --with-target-system-zlib --enable-objc-gc=auto --enable-multiarch --disable-werror --with-arch-32=i686 --with-abi=m64 --with-multilib-list=m32,m64,mx32 --enable-multilib --with-tune=generic --enable-offload-targets=nvptx-none --without-cuda-driver --enable-checking=release --build=x86_64-linux-gnu --host=x86_64-linux-gnu --target=x86_64-linux-gnu
Thread model: posix
gcc version 8.3.0 (Debian 8.3.0-6) 
configure:5489: $? = 0
configure:5478: gcc -V >&5
gcc: error: unrecognized command line option '-V'
gcc: fatal error: no input files
compilation terminated.
configure:5489: $? = 1
configure:5478: gcc -qversion >&5
gcc: error: unrecognized command line option '-qversion'; did you mean '--version'?
gcc: fatal error: no input files
compilation terminated.
configure:5489: $? = 1
configure:5493: checking whether we are using the GNU C compiler
configure:5521: result: yes
configure:5530: checking whether gcc accepts -g
configure:5591: result: yes
configure:5608: checking for gcc option to accept ISO C89
configure:5684: result: none needed
configure:5709: checking whether gcc understands -c and -o together
configure:5746: result: yes
configure:5765: checking dependency style of gcc
configure:5876: result: gcc3
configure:5896: checking how to run the C preprocessor
configure:5927: gcc -E  conftest.c
configure:5927: $? = 0
configure:5941: gcc -E  conftest.c
conftest.c:11:10: fatal error: ac_nonexistent.h: No such file or directory
 #include <ac_nonexistent.h>
          ^~~~~~~~~~~~~~~~~~
compilation terminated.
configure:5941: $? = 1
configure: failed program was:
| /* confdefs.h */
| #define PACKAGE_NAME ""
| #define PACKAGE_TARNAME ""
| #define PACKAGE_VERSION ""
| #define PACKAGE_STRING ""
| #define PACKAGE_BUGREPORT ""
| #define PACKAGE_URL ""
| #define HAVE_PTHREAD_PRIO_INHERIT 1
| #define HAVE_PTHREAD 1
| /* end confdefs.h.  */
| #include <ac_nonexistent.h>
configure:5966: result: gcc -E
configure:5986: gcc -E  conftest.c
configure:5986: $? = 0
configure:6000: gcc -E  conftest.c
conftest.c:11:10: fatal error: ac_nonexistent.h: No such file or directory
 #include <ac_nonexistent.h>
          ^~~~~~~~~~~~~~~~~~
compilation terminated.
configure:6000: $? = 1
configure: failed program was:
| /* confdefs.h */
| #define PACKAGE_NAME ""
| #define PACKAGE_TARNAME ""
| #define PACKAGE_VERSION ""
| #define PACKAGE_STRING ""
| #define PACKAGE_BUGREPORT ""
| #define PACKAGE_URL ""
| #define HAVE_PTHREAD_PRIO_INHERIT 1
| #define HAVE_PTHREAD 1
| /* end confdefs.h.  */
| #include <ac_nonexistent.h>
configure:6029: checking whether ln -s works
configure:6033: result: yes
configure:6086: checking how to print strings
configure:6113: result: printf
configure:6134: checking for a sed that does not truncate output
configure:6198: result: /bin/sed
configure:6216: checking for grep that handles long lines and -e
configure:6274: result: /bin/grep
configure:6279: checking for egrep
configure:6341: result: /bin/grep -E
configure:6346: checking for fgrep
configure:6408: result: /bin/grep -F
configure:6443: checking for ld used by gcc
configure:6510: result: /usr/bin/ld
configure:6517: checking if the linker (/usr/bin/ld) is GNU ld
configure:6532: result: yes
configure:6544: checking for BSD- or MS-compatible name lister (nm)
configure:6598: result: /usr/bin/nm -B
configure:6728: checking the name lister (/usr/bin/nm -B) interface
configure:6735: gcc -c -g -O2  conftest.c >&5
configure:6738: /usr/bin/nm -B "conftest.o"
configure:6741: output
0000000000000000 B some_variable
configure:6742: result: BSD nm
configure:6746: checking the maximum length of command line arguments
configure:6877: result: 1572864
configure:6925: checking how to convert x86_64-pc-linux-gnu file names to x86_64-pc-linux-gnu format
configure:6965: result: func_convert_file_noop
configure:6972: checking how to convert x86_64-pc-linux-gnu file names to toolchain format
configure:6992: result: func_convert_file_noop
configure:6999: checking for /usr/bin/ld option to reload object files
configure:7006: result: -r
configure:7080: checking for objdump
configure:7096: found /usr/bin/objdump
configure:7107: result: objdump
configure:7139: checking how to recognize dependent libraries
configure:7339: result: pass_all
configure:7424: checking for dlltool
configure:7454: result: no
configure:7484: checking how to associate runtime and link libraries
configure:7511: result: printf %s\n
configure:7571: checking for ar
configure:7587: found /usr/bin/ar
configure:7598: result: ar
configure:7635: checking for archiver @FILE support
configure:7652: gcc -c -g -O2  conftest.c >&5
configure:7652: $? = 0
configure:7655: ar cru libconftest.a @conftest.lst >&5
ar: `u' modifier ignored since `D' is the default (see `U')
configure:7658: $? = 0
configure:7663: ar cru libconftest.a @conftest.lst >&5
ar: `u' modifier ignored since `D' is the default (see `U')
ar: conftest.o: No such file or directory
configure:7666: $? = 1
configure:7665: result: @
configure:7723: checking for strip
configure:7739: found /usr/bin/strip
configure:7750: result: strip
configure:7822: checking for ranlib
configure:7838: found /usr/bin/ranlib
configure:7849: result: ranlib
configure:7951: checking command to parse /usr/bin/nm -B output from gcc object
configure:8104: gcc -c -g -O2  conftest.c >&5
configure:8107: $? = 0
configure:8111: /usr/bin/nm -B conftest.o | sed -n -e 's/^.*[	 ]\([ABCDGIRSTW][ABCDGIRSTW]*\)[	 ][	 ]*\([_A-Za-z][_A-Za-z0-9]*\)$/\1 \2 \2/p' | sed '/ __gnu_lto/d' > conftest.nm
configure:8177: gcc -o conftest -g -O2   conftest.c conftstm.o >&5
configure:8180: $? = 0
configure:8218: result: ok
configure:8265: checking for sysroot
configure:8295: result: no
configure:8302: checking for a working dd
configure:8340: result: /bin/dd
configure:8344: checking how to truncate binary pipes
configure:8359: result: /bin/dd bs=4096 count=1
configure:8495: gcc -c -g -O2  conftest.c >&5
configure:8498: $? = 0
configure:8688: checking for mt
configure:8718: result: no
configure:8738: checking if : is a manifest tool
configure:8744: : '-?'
configure:8752: result: no
configure:9425: checking for ANSI C header files
configure:9445: gcc -c -g -O2  conftest.c >&5
configure:9445: $? = 0
configure:9518: gcc -o conftest -g -O2   conftest.c  >&5
configure:9518: $? = 0
configure:9518: ./conftest
configure:9518: $? = 0
configure:9529: result: yes
configure:9542: checking for sys/types.h
configure:9542: gcc -c -g -O2  conftest.c >&5
configure:9542: $? = 0
configure:9542: result: yes
configure:9542: checking for sys/stat.h
configure:9542: gcc -c -g -O2  conftest.c >&5
configure:9542: $? = 0
configure:9542: result: yes
configure:9542: checking for stdlib.h
configure:9542: gcc -c -g -O2  conftest.c >&5
configure:9542: $? = 0
configure:9542: result: yes
configure:9542: checking for string.h
configure:9542: gcc -c -g -O2  conftest.c >&5
configure:9542: $? = 0
configure:9542: result: yes
configure:9542: checking for memory.h
configure:9542: gcc -c -g -O2  conftest.c >&5
configure:9542: $? = 0
configure:9542: result: yes
configure:9542: checking for strings.h
configure:9542: gcc -c -g -O2  conftest.c >&5
configure:9542: $? = 0
configure:9542: result: yes
configure:9542: checking for inttypes.h
configure:9542: gcc -c -g -O2  conftest.c >&5
configure:9542: $? = 0
configure:9542: result: yes
configure:9542: checking for stdint.h
configure:9542: gcc -c -g -O2  conftest.c >&5
configure:9542: $? = 0
configure:9542: result: yes
configure:9542: checking for unistd.h
configure:9542: gcc -c -g -O2  conftest.c >&5
configure:9542: $? = 0
configure:9542: result: yes
configure:9556: checking for dlfcn.h
configure:9556: gcc -c -g -O2  conftest.c >&5
configure:9556: $? = 0
configure:9556: result: yes
configure:9823: checking for objdir
configure:9838: result: .libs
configure:10102: checking if gcc supports -fno-rtti -fno-exceptions
configure:10120: gcc -c -g -O2  -fno-rtti -fno-exceptions conftest.c >&5
cc1: warning: command line option '-fno-rtti' is valid for C++/ObjC++ but not for C
configure:10124: $? = 0
configure:10137: result: no
configure:10495: checking for gcc option to produce PIC
configure:10502: result: -fPIC -DPIC
configure:10510: checking if gcc PIC flag -fPIC -DPIC works
configure:10528: gcc -c -g -O2  -fPIC -DPIC -DPIC conftest.c >&5
configure:10532: $? = 0
configure:10545: result: yes
configure:10574: checking if gcc static flag -static works
configure:10602: result: yes
configure:10617: checking if gcc supports -c -o file.o
configure:10638: gcc -c -g -O2  -o out/conftest2.o conftest.c >&5
configure:10642: $? = 0
configure:10664: result: yes
configure:10672: checking if gcc supports -c -o file.o
configure:10719: result: yes
configure:10752: checking whether the gcc linker (/usr/bin/ld -m elf_x86_64) supports shared libraries
configure:12015: result: yes
configure:12052: checking whether -lc should be explicitly linked in
configure:12060: gcc -c -g -O2  conftest.c >&5
configure:12063: $? = 0
configure:12078: gcc -shared  -fPIC -DPIC conftest.o  -v -Wl,-soname -Wl,conftest -o conftest 2\>\&1 \| /bin/grep  -lc  \>/dev/null 2\>\&1
configure:12081: $? = 0
configure:12095: result: no
configure:12255: checking dynamic linker characteristics
configure:12836: gcc -o conftest -g -O2   -Wl,-rpath -Wl,/foo conftest.c  >&5
configure:12836: $? = 0
configure:13085: result: GNU/Linux ld.so
configure:13207: checking how to hardcode library paths into programs
configure:13232: result: immediate
configure:13780: checking whether stripping libraries is possible
configure:13785: result: yes
configure:13820: checking if libtool supports shared libraries
configure:13822: result: yes
configure:13825: checking whether to build shared libraries
configure:13850: result: yes
configure:13853: checking whether to build static libraries
configure:13857: result: yes
configure:10656: checking how to run the C++ preprocessor
configure:10683: g++ -E  conftest.cpp
configure:10683: $? = 0
configure:10697: g++ -E  conftest.cpp
conftest.cpp:23:10: fatal error: ac_nonexistent.h: No such file or directory
 #include <ac_nonexistent.h>
          ^~~~~~~~~~~~~~~~~~
compilation terminated.
configure:10697: $? = 1
configure: failed program was:
| /* confdefs.h */
| #define PACKAGE_NAME ""
| #define PACKAGE_TARNAME ""
| #define PACKAGE_VERSION ""
| #define PACKAGE_STRING ""
| #define PACKAGE_BUGREPORT ""
| #define PACKAGE_URL ""
| #define HAVE_PTHREAD_PRIO_INHERIT 1
| #define HAVE_PTHREAD 1
| #define STDC_HEADERS 1
| #define HAVE_SYS_TYPES_H 1
| #define HAVE_SYS_STAT_H 1
| #define HAVE_STDLIB_H 1
| #define HAVE_STRING_H 1
| #define HAVE_MEMORY_H 1
| #define HAVE_STRINGS_H 1
| #define HAVE_INTTYPES_H 1
| #define HAVE_STDINT_H 1
| #define HAVE_UNISTD_H 1
| #define HAVE_DLFCN_H 1
| #define LT_OBJDIR ".libs/"
| /* end confdefs.h.  */
| #include <ac_nonexistent.h>
configure:10722: result: g++ -E
configure:10742: g++ -E  conftest.cpp
configure:10742: $? = 0
configure:10756: g++ -E  conftest.cpp
conftest.cpp:23:10: fatal error: ac_nonexistent.h: No such file or directory
 #include <ac_nonexistent.h>
          ^~~~~~~~~~~~~~~~~~
compilation terminated.
configure:10756: $? = 1
configure: failed program was:
| /* confdefs.h */
| #define PACKAGE_NAME ""
| #define PACKAGE_TARNAME ""
| #define PACKAGE_VERSION ""
| #define PACKAGE_STRING ""
| #define PACKAGE_BUGREPORT ""
| #define PACKAGE_URL ""
| #define HAVE_PTHREAD_PRIO_INHERIT 1
| #define HAVE_PTHREAD 1
| #define STDC_HEADERS 1
| #define HAVE_SYS_TYPES_H 1
| #define HAVE_SYS_STAT_H 1
| #define HAVE_STDLIB_H 1
| #define HAVE_STRING_H 1
| #define HAVE_MEMORY_H 1
| #define HAVE_STRINGS_H 1
| #define HAVE_INTTYPES_H 1
| #define HAVE_STDINT_H 1
| #define HAVE_UNISTD_H 1
| #define HAVE_DLFCN_H 1
| #define LT_OBJDIR ".libs/"
| /* end confdefs.h.  */
| #include <ac_nonexistent.h>
configure:10918: checking for ld used by g++
configure:10985: result: /usr/bin/ld -m elf_x86_64
configure:10992: checking if the linker (/usr/bin/ld -m elf_x86_64) is GNU ld
configure:11007: result: yes
configure:11062: checking whether the g++ linker (/usr/bin/ld -m elf_x86_64) supports shared libraries
configure:12135: result: yes
configure:12171: g++ -c -g -O2  conftest.cpp >&5
configure:12174: $? = 0
configure:12655: checking for g++ option to produce PIC
configure:12662: result: -fPIC -DPIC
configure:12670: checking if g++ PIC flag -fPIC -DPIC works
configure:12688: g++ -c -g -O2  -fPIC -DPIC -DPIC conftest.cpp >&5
configure:12692: $? = 0
configure:12705: result: yes
configure:12728: checking if g++ static flag -static works
configure:12756: result: yes
configure:12768: checking if g++ supports -c -o file.o
configure:12789: g++ -c -g -O2  -o out/conftest2.o conftest.cpp >&5
configure:12793: $? = 0
configure:12815: result: yes
configure:12820: checking if g++ supports -c -o file.o
configure:12867: result: yes
configure:12897: checking whether the g++ linker (/usr/bin/ld -m elf_x86_64) supports shared libraries
configure:12940: result: yes
configure:13081: checking dynamic linker characteristics
configure:13838: result: GNU/Linux ld.so
configure:13903: checking how to hardcode library paths into programs
configure:13928: result: immediate
configure:12820: checking whether ln -s works
configure:12824: result: yes
configure:12836: checking for docbook2dvi
configure:12854: found /usr/bin/docbook2dvi
configure:12867: result: /usr/bin/docbook2dvi
configure:12877: checking for xmlto
configure:12895: found /usr/bin/xmlto
configure:12908: result: /usr/bin/xmlto
configure:12918: checking for xmlto
configure:12936: found /usr/bin/xmlto
configure:12949: result: /usr/bin/xmlto
configure:12959: checking for dvipdf
configure:12977: found /usr/bin/dvipdf
configure:12990: result: /usr/bin/dvipdf
configure:13003: checking whether gcc needs -traditional
configure:13037: result: no
configure:13049: checking for ANSI C header files
configure:13153: result: yes
configure:13163: checking for string.h
configure:13163: result: yes
configure:13175: checking malloc.h usability
configure:13175: gcc -c -g -O2  conftest.c >&5
configure:13175: $? = 0
configure:13175: result: yes
configure:13175: checking malloc.h presence
configure:13175: gcc -E  conftest.c
configure:13175: $? = 0
configure:13175: result: yes
configure:13175: checking for malloc.h
configure:13175: result: yes
configure:13187: checking netdb.h usability
configure:13187: gcc -c -g -O2  conftest.c >&5
configure:13187: $? = 0
configure:13187: result: yes
configure:13187: checking netdb.h presence
configure:13187: gcc -E  conftest.c
configure:13187: $? = 0
configure:13187: result: yes
configure:13187: checking for netdb.h
configure:13187: result: yes
configure:13199: checking netinet/in.h usability
configure:13199: gcc -c -g -O2  conftest.c >&5
configure:13199: $? = 0
configure:13199: result: yes
configure:13199: checking netinet/in.h presence
configure:13199: gcc -E  conftest.c
configure:13199: $? = 0
configure:13199: result: yes
configure:13199: checking for netinet/in.h
configure:13199: result: yes
configure:13211: checking fcntl.h usability
configure:13211: gcc -c -g -O2  conftest.c >&5
configure:13211: $? = 0
configure:13211: result: yes
configure:13211: checking fcntl.h presence
configure:13211: gcc -E  conftest.c
configure:13211: $? = 0
configure:13211: result: yes
configure:13211: checking for fcntl.h
configure:13211: result: yes
configure:13223: checking sys/ioctl.h usability
configure:13223: gcc -c -g -O2  conftest.c >&5
configure:13223: $? = 0
configure:13223: result: yes
configure:13223: checking sys/ioctl.h presence
configure:13223: gcc -E  conftest.c
configure:13223: $? = 0
configure:13223: result: yes
configure:13223: checking for sys/ioctl.h
configure:13223: result: yes
configure:13235: checking sys/time.h usability
configure:13235: gcc -c -g -O2  conftest.c >&5
configure:13235: $? = 0
configure:13235: result: yes
configure:13235: checking sys/time.h presence
configure:13235: gcc -E  conftest.c
configure:13235: $? = 0
configure:13235: result: yes
configure:13235: checking for sys/time.h
configure:13235: result: yes
configure:13247: checking arpa/inet.h usability
configure:13247: gcc -c -g -O2  conftest.c >&5
configure:13247: $? = 0
configure:13247: result: yes
configure:13247: checking arpa/inet.h presence
configure:13247: gcc -E  conftest.c
configure:13247: $? = 0
configure:13247: result: yes
configure:13247: checking for arpa/inet.h
configure:13247: result: yes
configure:13259: checking sys/socket.h usability
configure:13259: gcc -c -g -O2  conftest.c >&5
configure:13259: $? = 0
configure:13259: result: yes
configure:13259: checking sys/socket.h presence
configure:13259: gcc -E  conftest.c
configure:13259: $? = 0
configure:13259: result: yes
configure:13259: checking for sys/socket.h
configure:13259: result: yes
configure:13271: checking limits.h usability
configure:13271: gcc -c -g -O2  conftest.c >&5
configure:13271: $? = 0
configure:13271: result: yes
configure:13271: checking limits.h presence
configure:13271: gcc -E  conftest.c
configure:13271: $? = 0
configure:13271: result: yes
configure:13271: checking for limits.h
configure:13271: result: yes
configure:13283: checking stddef.h usability
configure:13283: gcc -c -g -O2  conftest.c >&5
configure:13283: $? = 0
configure:13283: result: yes
configure:13283: checking stddef.h presence
configure:13283: gcc -E  conftest.c
configure:13283: $? = 0
configure:13283: result: yes
configure:13283: checking for stddef.h
configure:13283: result: yes
configure:13295: checking whether sys/types.h defines makedev
configure:13311: gcc -o conftest -g -O2   conftest.c  >&5
conftest.c: In function 'main':
conftest.c:39:8: warning: implicit declaration of function 'makedev' [-Wimplicit-function-declaration]
 return makedev(0, 0);
        ^~~~~~~
/usr/bin/ld: /tmp/ccGKuSUM.o: in function `main':
/fox/EpicsTcl/conftest.c:39: undefined reference to `makedev'
collect2: error: ld returned 1 exit status
configure:13311: $? = 1
configure: failed program was:
| /* confdefs.h */
| #define PACKAGE_NAME ""
| #define PACKAGE_TARNAME ""
| #define PACKAGE_VERSION ""
| #define PACKAGE_STRING ""
| #define PACKAGE_BUGREPORT ""
| #define PACKAGE_URL ""
| #define HAVE_PTHREAD_PRIO_INHERIT 1
| #define HAVE_PTHREAD 1
| #define STDC_HEADERS 1
| #define HAVE_SYS_TYPES_H 1
| #define HAVE_SYS_STAT_H 1
| #define HAVE_STDLIB_H 1
| #define HAVE_STRING_H 1
| #define HAVE_MEMORY_H 1
| #define HAVE_STRINGS_H 1
| #define HAVE_INTTYPES_H 1
| #define HAVE_STDINT_H 1
| #define HAVE_UNISTD_H 1
| #define HAVE_DLFCN_H 1
| #define LT_OBJDIR ".libs/"
| #define STDC_HEADERS 1
| #define HAVE_STRING_H 1
| #define HAVE_MALLOC_H 1
| #define HAVE_NETDB_H 1
| #define HAVE_NETINET_IN_H 1
| #define HAVE_FCNTL_H 1
| #define HAVE_SYS_IOCTL_H 1
| #define HAVE_SYS_TIME_H 1
| #define HAVE_ARPA_INET_H 1
| #define HAVE_SYS_SOCKET_H 1
| #define HAVE_LIMITS_H 1
| #define HAVE_STDDEF_H 1
| /* end confdefs.h.  */
| #include <sys/types.h>
| int
| main ()
| {
| return makedev(0, 0);
|   ;
|   return 0;
| }
configure:13320: result: no
configure:13324: checking sys/mkdev.h usability
configure:13324: gcc -c -g -O2  conftest.c >&5
conftest.c:68:10: fatal error: sys/mkdev.h: No such file or directory
 #include <sys/mkdev.h>
          ^~~~~~~~~~~~~
compilation terminated.
configure:13324: $? = 1
configure: failed program was:
| /* confdefs.h */
| #define PACKAGE_NAME ""
| #define PACKAGE_TARNAME ""
| #define PACKAGE_VERSION ""
| #define PACKAGE_STRING ""
| #define PACKAGE_BUGREPORT ""
| #define PACKAGE_URL ""
| #define HAVE_PTHREAD_PRIO_INHERIT 1
| #define HAVE_PTHREAD 1
| #define STDC_HEADERS 1
| #define HAVE_SYS_TYPES_H 1
| #define HAVE_SYS_STAT_H 1
| #define HAVE_STDLIB_H 1
| #define HAVE_STRING_H 1
| #define HAVE_MEMORY_H 1
| #define HAVE_STRINGS_H 1
| #define HAVE_INTTYPES_H 1
| #define HAVE_STDINT_H 1
| #define HAVE_UNISTD_H 1
| #define HAVE_DLFCN_H 1
| #define LT_OBJDIR ".libs/"
| #define STDC_HEADERS 1
| #define HAVE_STRING_H 1
| #define HAVE_MALLOC_H 1
| #define HAVE_NETDB_H 1
| #define HAVE_NETINET_IN_H 1
| #define HAVE_FCNTL_H 1
| #define HAVE_SYS_IOCTL_H 1
| #define HAVE_SYS_TIME_H 1
| #define HAVE_ARPA_INET_H 1
| #define HAVE_SYS_SOCKET_H 1
| #define HAVE_LIMITS_H 1
| #define HAVE_STDDEF_H 1
| /* end confdefs.h.  */
| #include <stdio.h>
| #ifdef HAVE_SYS_TYPES_H
| # include <sys/types.h>
| #endif
| #ifdef HAVE_SYS_STAT_H
| # include <sys/stat.h>
| #endif
| #ifdef STDC_HEADERS
| # include <stdlib.h>
| # include <stddef.h>
| #else
| # ifdef HAVE_STDLIB_H
| #  include <stdlib.h>
| # endif
| #endif
| #ifdef HAVE_STRING_H
| # if !defined STDC_HEADERS && defined HAVE_MEMORY_H
| #  include <memory.h>
| # endif
| # include <string.h>
| #endif
| #ifdef HAVE_STRINGS_H
| # include <strings.h>
| #endif
| #ifdef HAVE_INTTYPES_H
| # include <inttypes.h>
| #endif
| #ifdef HAVE_STDINT_H
| # include <stdint.h>
| #endif
| #ifdef HAVE_UNISTD_H
| # include <unistd.h>
| #endif
| #include <sys/mkdev.h>
configure:13324: result: no
configure:13324: checking sys/mkdev.h presence
configure:13324: gcc -E  conftest.c
conftest.c:35:10: fatal error: sys/mkdev.h: No such file or directory
 #include <sys/mkdev.h>
          ^~~~~~~~~~~~~
compilation terminated.
configure:13324: $? = 1
configure: failed program was:
| /* confdefs.h */
| #define PACKAGE_NAME ""
| #define PACKAGE_TARNAME ""
| #define PACKAGE_VERSION ""
| #define PACKAGE_STRING ""
| #define PACKAGE_BUGREPORT ""
| #define PACKAGE_URL ""
| #define HAVE_PTHREAD_PRIO_INHERIT 1
| #define HAVE_PTHREAD 1
| #define STDC_HEADERS 1
| #define HAVE_SYS_TYPES_H 1
| #define HAVE_SYS_STAT_H 1
| #define HAVE_STDLIB_H 1
| #define HAVE_STRING_H 1
| #define HAVE_MEMORY_H 1
| #define HAVE_STRINGS_H 1
| #define HAVE_INTTYPES_H 1
| #define HAVE_STDINT_H 1
| #define HAVE_UNISTD_H 1
| #define HAVE_DLFCN_H 1
| #define LT_OBJDIR ".libs/"
| #define STDC_HEADERS 1
| #define HAVE_STRING_H 1
| #define HAVE_MALLOC_H 1
| #define HAVE_NETDB_H 1
| #define HAVE_NETINET_IN_H 1
| #define HAVE_FCNTL_H 1
| #define HAVE_SYS_IOCTL_H 1
| #define HAVE_SYS_TIME_H 1
| #define HAVE_ARPA_INET_H 1
| #define HAVE_SYS_SOCKET_H 1
| #define HAVE_LIMITS_H 1
| #define HAVE_STDDEF_H 1
| /* end confdefs.h.  */
| #include <sys/mkdev.h>
configure:13324: result: no
configure:13324: checking for sys/mkdev.h
configure:13324: result: no
configure:13334: checking sys/sysmacros.h usability
configure:13334: gcc -c -g -O2  conftest.c >&5
configure:13334: $? = 0
configure:13334: result: yes
configure:13334: checking sys/sysmacros.h presence
configure:13334: gcc -E  conftest.c
configure:13334: $? = 0
configure:13334: result: yes
configure:13334: checking for sys/sysmacros.h
configure:13334: result: yes
configure:13345: checking for sys/wait.h that is POSIX.1 compatible
configure:13371: gcc -c -g -O2  conftest.c >&5
configure:13371: $? = 0
configure:13378: result: yes
configure:13386: checking whether time.h and sys/time.h may both be included
configure:13406: gcc -c -g -O2  conftest.c >&5
configure:13406: $? = 0
configure:13413: result: yes
configure:13421: checking whether stat file-mode macros are broken
configure:13448: gcc -c -g -O2  conftest.c >&5
configure:13448: $? = 0
configure:13455: result: no
configure:13463: checking for X
configure:13571: gcc -E  conftest.c
configure:13571: $? = 0
configure:13602: gcc -o conftest -g -O2   conftest.c -lX11  >&5
configure:13602: $? = 0
configure:13652: result: libraries , headers 
configure:13751: gcc -o conftest -g -O2   conftest.c   -lX11 >&5
configure:13751: $? = 0
configure:13849: checking for gethostbyname
configure:13849: gcc -o conftest -g -O2   conftest.c  >&5
configure:13849: $? = 0
configure:13849: result: yes
configure:13946: checking for connect
configure:13946: gcc -o conftest -g -O2   conftest.c  >&5
configure:13946: $? = 0
configure:13946: result: yes
configure:13995: checking for remove
configure:13995: gcc -o conftest -g -O2   conftest.c  >&5
configure:13995: $? = 0
configure:13995: result: yes
configure:14044: checking for shmat
configure:14044: gcc -o conftest -g -O2   conftest.c  >&5
configure:14044: $? = 0
configure:14044: result: yes
configure:14102: checking for IceConnectionNumber in -lICE
configure:14127: gcc -o conftest -g -O2   conftest.c -lICE   >&5
configure:14127: $? = 0
configure:14136: result: yes
configure:14149: checking whether struct tm is in sys/time.h or time.h
configure:14169: gcc -c -g -O2  conftest.c >&5
configure:14169: $? = 0
configure:14176: result: time.h
configure:14184: checking for size_t
configure:14184: gcc -c -g -O2  conftest.c >&5
configure:14184: $? = 0
configure:14184: gcc -c -g -O2  conftest.c >&5
conftest.c: In function 'main':
conftest.c:74:21: error: expected expression before ')' token
 if (sizeof ((size_t)))
                     ^
configure:14184: $? = 1
configure: failed program was:
| /* confdefs.h */
| #define PACKAGE_NAME ""
| #define PACKAGE_TARNAME ""
| #define PACKAGE_VERSION ""
| #define PACKAGE_STRING ""
| #define PACKAGE_BUGREPORT ""
| #define PACKAGE_URL ""
| #define HAVE_PTHREAD_PRIO_INHERIT 1
| #define HAVE_PTHREAD 1
| #define STDC_HEADERS 1
| #define HAVE_SYS_TYPES_H 1
| #define HAVE_SYS_STAT_H 1
| #define HAVE_STDLIB_H 1
| #define HAVE_STRING_H 1
| #define HAVE_MEMORY_H 1
| #define HAVE_STRINGS_H 1
| #define HAVE_INTTYPES_H 1
| #define HAVE_STDINT_H 1
| #define HAVE_UNISTD_H 1
| #define HAVE_DLFCN_H 1
| #define LT_OBJDIR ".libs/"
| #define STDC_HEADERS 1
| #define HAVE_STRING_H 1
| #define HAVE_MALLOC_H 1
| #define HAVE_NETDB_H 1
| #define HAVE_NETINET_IN_H 1
| #define HAVE_FCNTL_H 1
| #define HAVE_SYS_IOCTL_H 1
| #define HAVE_SYS_TIME_H 1
| #define HAVE_ARPA_INET_H 1
| #define HAVE_SYS_SOCKET_H 1
| #define HAVE_LIMITS_H 1
| #define HAVE_STDDEF_H 1
| #define MAJOR_IN_SYSMACROS 1
| #define HAVE_SYS_WAIT_H 1
| #define TIME_WITH_SYS_TIME 1
| /* end confdefs.h.  */
| #include <stdio.h>
| #ifdef HAVE_SYS_TYPES_H
| # include <sys/types.h>
| #endif
| #ifdef HAVE_SYS_STAT_H
| # include <sys/stat.h>
| #endif
| #ifdef STDC_HEADERS
| # include <stdlib.h>
| # include <stddef.h>
| #else
| # ifdef HAVE_STDLIB_H
| #  include <stdlib.h>
| # endif
| #endif
| #ifdef HAVE_STRING_H
| # if !defined STDC_HEADERS && defined HAVE_MEMORY_H
| #  include <memory.h>
| # endif
| # include <string.h>
| #endif
| #ifdef HAVE_STRINGS_H
| # include <strings.h>
| #endif
| #ifdef HAVE_INTTYPES_H
| # include <inttypes.h>
| #endif
| #ifdef HAVE_STDINT_H
| # include <stdint.h>
| #endif
| #ifdef HAVE_UNISTD_H
| # include <unistd.h>
| #endif
| int
| main ()
| {
| if (sizeof ((size_t)))
| 	    return 0;
|   ;
|   return 0;
| }
configure:14184: result: yes
configure:14195: checking for pid_t
configure:14195: gcc -c -g -O2  conftest.c >&5
configure:14195: $? = 0
configure:14195: gcc -c -g -O2  conftest.c >&5
conftest.c: In function 'main':
conftest.c:74:20: error: expected expression before ')' token
 if (sizeof ((pid_t)))
                    ^
configure:14195: $? = 1
configure: failed program was:
| /* confdefs.h */
| #define PACKAGE_NAME ""
| #define PACKAGE_TARNAME ""
| #define PACKAGE_VERSION ""
| #define PACKAGE_STRING ""
| #define PACKAGE_BUGREPORT ""
| #define PACKAGE_URL ""
| #define HAVE_PTHREAD_PRIO_INHERIT 1
| #define HAVE_PTHREAD 1
| #define STDC_HEADERS 1
| #define HAVE_SYS_TYPES_H 1
| #define HAVE_SYS_STAT_H 1
| #define HAVE_STDLIB_H 1
| #define HAVE_STRING_H 1
| #define HAVE_MEMORY_H 1
| #define HAVE_STRINGS_H 1
| #define HAVE_INTTYPES_H 1
| #define HAVE_STDINT_H 1
| #define HAVE_UNISTD_H 1
| #define HAVE_DLFCN_H 1
| #define LT_OBJDIR ".libs/"
| #define STDC_HEADERS 1
| #define HAVE_STRING_H 1
| #define HAVE_MALLOC_H 1
| #define HAVE_NETDB_H 1
| #define HAVE_NETINET_IN_H 1
| #define HAVE_FCNTL_H 1
| #define HAVE_SYS_IOCTL_H 1
| #define HAVE_SYS_TIME_H 1
| #define HAVE_ARPA_INET_H 1
| #define HAVE_SYS_SOCKET_H 1
| #define HAVE_LIMITS_H 1
| #define HAVE_STDDEF_H 1
| #define MAJOR_IN_SYSMACROS 1
| #define HAVE_SYS_WAIT_H 1
| #define TIME_WITH_SYS_TIME 1
| /* end confdefs.h.  */
| #include <stdio.h>
| #ifdef HAVE_SYS_TYPES_H
| # include <sys/types.h>
| #endif
| #ifdef HAVE_SYS_STAT_H
| # include <sys/stat.h>
| #endif
| #ifdef STDC_HEADERS
| # include <stdlib.h>
| # include <stddef.h>
| #else
| # ifdef HAVE_STDLIB_H
| #  include <stdlib.h>
| # endif
| #endif
| #ifdef HAVE_STRING_H
| # if !defined STDC_HEADERS && defined HAVE_MEMORY_H
| #  include <memory.h>
| # endif
| # include <string.h>
| #endif
| #ifdef HAVE_STRINGS_H
| # include <strings.h>
| #endif
| #ifdef HAVE_INTTYPES_H
| # include <inttypes.h>
| #endif
| #ifdef HAVE_STDINT_H
| # include <stdint.h>
| #endif
| #ifdef HAVE_UNISTD_H
| # include <unistd.h>
| #endif
| int
| main ()
| {
| if (sizeof ((pid_t)))
| 	    return 0;
|   ;
|   return 0;
| }
configure:14195: result: yes
configure:14206: checking for off_t
configure:14206: gcc -c -g -O2  conftest.c >&5
configure:14206: $? = 0
configure:14206: gcc -c -g -O2  conftest.c >&5
conftest.c: In function 'main':
conftest.c:74:20: error: expected expression before ')' token
 if (sizeof ((off_t)))
                    ^
configure:14206: $? = 1
configure: failed program was:
| /* confdefs.h */
| #define PACKAGE_NAME ""
| #define PACKAGE_TARNAME ""
| #define PACKAGE_VERSION ""
| #define PACKAGE_STRING ""
| #define PACKAGE_BUGREPORT ""
| #define PACKAGE_URL ""
| #define HAVE_PTHREAD_PRIO_INHERIT 1
| #define HAVE_PTHREAD 1
| #define STDC_HEADERS 1
| #define HAVE_SYS_TYPES_H 1
| #define HAVE_SYS_STAT_H 1
| #define HAVE_STDLIB_H 1
| #define HAVE_STRING_H 1
| #define HAVE_MEMORY_H 1
| #define HAVE_STRINGS_H 1
| #define HAVE_INTTYPES_H 1
| #define HAVE_STDINT_H 1
| #define HAVE_UNISTD_H 1
| #define HAVE_DLFCN_H 1
| #define LT_OBJDIR ".libs/"
| #define STDC_HEADERS 1
| #define HAVE_STRING_H 1
| #define HAVE_MALLOC_H 1
| #define HAVE_NETDB_H 1
| #define HAVE_NETINET_IN_H 1
| #define HAVE_FCNTL_H 1
| #define HAVE_SYS_IOCTL_H 1
| #define HAVE_SYS_TIME_H 1
| #define HAVE_ARPA_INET_H 1
| #define HAVE_SYS_SOCKET_H 1
| #define HAVE_LIMITS_H 1
| #define HAVE_STDDEF_H 1
| #define MAJOR_IN_SYSMACROS 1
| #define HAVE_SYS_WAIT_H 1
| #define TIME_WITH_SYS_TIME 1
| /* end confdefs.h.  */
| #include <stdio.h>
| #ifdef HAVE_SYS_TYPES_H
| # include <sys/types.h>
| #endif
| #ifdef HAVE_SYS_STAT_H
| # include <sys/stat.h>
| #endif
| #ifdef STDC_HEADERS
| # include <stdlib.h>
| # include <stddef.h>
| #else
| # ifdef HAVE_STDLIB_H
| #  include <stdlib.h>
| # endif
| #endif
| #ifdef HAVE_STRING_H
| # if !defined STDC_HEADERS && defined HAVE_MEMORY_H
| #  include <memory.h>
| # endif
| # include <string.h>
| #endif
| #ifdef HAVE_STRINGS_H
| # include <strings.h>
| #endif
| #ifdef HAVE_INTTYPES_H
| # include <inttypes.h>
| #endif
| #ifdef HAVE_STDINT_H
| # include <stdint.h>
| #endif
| #ifdef HAVE_UNISTD_H
| # include <unistd.h>
| #endif
| int
| main ()
| {
| if (sizeof ((off_t)))
| 	    return 0;
|   ;
|   return 0;
| }
configure:14206: result: yes
configure:14217: checking for an ANSI C-conforming const
configure:14283: gcc -c -g -O2  conftest.c >&5
configure:14283: $? = 0
configure:14290: result: yes
configure:14298: checking for inline
configure:14314: gcc -c -g -O2  conftest.c >&5
configure:14314: $? = 0
configure:14322: result: inline
configure:14351: checking for stdlib.h
configure:14351: result: yes
configure:14351: checking for unistd.h
configure:14351: result: yes
configure:14351: checking for sys/param.h
configure:14351: gcc -c -g -O2  conftest.c >&5
configure:14351: $? = 0
configure:14351: result: yes
configure:14371: checking for getpagesize
configure:14371: gcc -o conftest -g -O2   conftest.c  >&5
configure:14371: $? = 0
configure:14371: result: yes
configure:14380: checking for working mmap
configure:14529: gcc -o conftest -g -O2   conftest.c  >&5
configure:14529: $? = 0
configure:14529: ./conftest
configure:14529: $? = 0
configure:14539: result: yes
configure:14550: checking for stat
configure:14550: gcc -o conftest -g -O2   conftest.c  >&5
configure:14550: $? = 0
configure:14550: result: yes
configure:14561: checking for malloc
configure:14561: gcc -o conftest -g -O2   conftest.c  >&5
conftest.c:67:6: warning: conflicting types for built-in function 'malloc' [-Wbuiltin-declaration-mismatch]
 char malloc ();
      ^~~~~~
configure:14561: $? = 0
configure:14561: result: yes
configure:14572: checking for munmap
configure:14572: gcc -o conftest -g -O2   conftest.c  >&5
configure:14572: $? = 0
configure:14572: result: yes
configure:14583: checking for getpagesize
configure:14583: result: yes
configure:14594: checking for memset
configure:14594: gcc -o conftest -g -O2   conftest.c  >&5
conftest.c:70:6: warning: conflicting types for built-in function 'memset' [-Wbuiltin-declaration-mismatch]
 char memset ();
      ^~~~~~
configure:14594: $? = 0
configure:14594: result: yes
configure:14605: checking for strerror
configure:14605: gcc -o conftest -g -O2   conftest.c  >&5
configure:14605: $? = 0
configure:14605: result: yes
configure:14616: checking for gethostbyname
configure:14616: result: yes
configure:14627: checking for gethostbyaddr
configure:14627: gcc -o conftest -g -O2   conftest.c  >&5
configure:14627: $? = 0
configure:14627: result: yes
configure:14638: checking for inet_ntoa
configure:14638: gcc -o conftest -g -O2   conftest.c  >&5
configure:14638: $? = 0
configure:14638: result: yes
configure:14649: checking for gettimeofday
configure:14649: gcc -o conftest -g -O2   conftest.c  >&5
configure:14649: $? = 0
configure:14649: result: yes
configure:14660: checking for select
configure:14660: gcc -o conftest -g -O2   conftest.c  >&5
configure:14660: $? = 0
configure:14660: result: yes
configure:14671: checking for strchr
configure:14671: gcc -o conftest -g -O2   conftest.c  >&5
conftest.c:77:6: warning: conflicting types for built-in function 'strchr' [-Wbuiltin-declaration-mismatch]
 char strchr ();
      ^~~~~~
configure:14671: $? = 0
configure:14671: result: yes
configure:14682: checking for gethostname
configure:14682: gcc -o conftest -g -O2   conftest.c  >&5
configure:14682: $? = 0
configure:14682: result: yes
configure:14693: checking for getpass
configure:14693: gcc -o conftest -g -O2   conftest.c  >&5
configure:14693: $? = 0
configure:14693: result: yes
configure:14704: checking for socket
configure:14704: gcc -o conftest -g -O2   conftest.c  >&5
configure:14704: $? = 0
configure:14704: result: yes
configure:14715: checking for strdup
configure:14715: gcc -o conftest -g -O2   conftest.c  >&5
conftest.c:81:6: warning: conflicting types for built-in function 'strdup' [-Wbuiltin-declaration-mismatch]
 char strdup ();
      ^~~~~~
configure:14715: $? = 0
configure:14715: result: yes
configure:14726: checking for strstr
configure:14726: gcc -o conftest -g -O2   conftest.c  >&5
conftest.c:82:6: warning: conflicting types for built-in function 'strstr' [-Wbuiltin-declaration-mismatch]
 char strstr ();
      ^~~~~~
configure:14726: $? = 0
configure:14726: result: yes
configure:14737: checking for fork
configure:14737: gcc -o conftest -g -O2   conftest.c  >&5
conftest.c:83:6: warning: conflicting types for built-in function 'fork' [-Wbuiltin-declaration-mismatch]
 char fork ();
      ^~~~
configure:14737: $? = 0
configure:14737: result: yes
configure:14748: checking for clock_gettime
configure:14748: gcc -o conftest -g -O2   conftest.c  >&5
configure:14748: $? = 0
configure:14748: result: yes
configure:14759: checking for strtol
configure:14759: gcc -o conftest -g -O2   conftest.c  >&5
configure:14759: $? = 0
configure:14759: result: yes
configure:14770: checking for strtoul
configure:14770: gcc -o conftest -g -O2   conftest.c  >&5
configure:14770: $? = 0
configure:14770: result: yes
configure:14792: checking iostream usability
configure:14792: g++ -c -g -O2  conftest.cpp >&5
configure:14792: $? = 0
configure:14792: result: yes
configure:14792: checking iostream presence
configure:14792: g++ -E  conftest.cpp
configure:14792: $? = 0
configure:14792: result: yes
configure:14792: checking for iostream
configure:14792: result: yes
configure:14800: checking istream usability
configure:14800: g++ -c -g -O2  conftest.cpp >&5
configure:14800: $? = 0
configure:14800: result: yes
configure:14800: checking istream presence
configure:14800: g++ -E  conftest.cpp
configure:14800: $? = 0
configure:14800: result: yes
configure:14800: checking for istream
configure:14800: result: yes
configure:14808: checking ostream usability
configure:14808: g++ -c -g -O2  conftest.cpp >&5
configure:14808: $? = 0
configure:14808: result: yes
configure:14808: checking ostream presence
configure:14808: g++ -E  conftest.cpp
configure:14808: $? = 0
configure:14808: result: yes
configure:14808: checking for ostream
configure:14808: result: yes
configure:14816: checking streambuf usability
configure:14816: g++ -c -g -O2  conftest.cpp >&5
configure:14816: $? = 0
configure:14816: result: yes
configure:14816: checking streambuf presence
configure:14816: g++ -E  conftest.cpp
configure:14816: $? = 0
configure:14816: result: yes
configure:14816: checking for streambuf
configure:14816: result: yes
configure:14824: checking fstream usability
configure:14824: g++ -c -g -O2  conftest.cpp >&5
configure:14824: $? = 0
configure:14824: result: yes
configure:14824: checking fstream presence
configure:14824: g++ -E  conftest.cpp
configure:14824: $? = 0
configure:14824: result: yes
configure:14824: checking for fstream
configure:14824: result: yes
configure:14832: checking iomanip usability
configure:14832: g++ -c -g -O2  conftest.cpp >&5
configure:14832: $? = 0
configure:14832: result: yes
configure:14832: checking iomanip presence
configure:14832: g++ -E  conftest.cpp
configure:14832: $? = 0
configure:14832: result: yes
configure:14832: checking for iomanip
configure:14832: result: yes
configure:14840: checking sstream usability
configure:14840: g++ -c -g -O2  conftest.cpp >&5
configure:14840: $? = 0
configure:14840: result: yes
configure:14840: checking sstream presence
configure:14840: g++ -E  conftest.cpp
configure:14840: $? = 0
configure:14840: result: yes
configure:14840: checking for sstream
configure:14840: result: yes
configure:14848: checking typeinfo usability
configure:14848: g++ -c -g -O2  conftest.cpp >&5
configure:14848: $? = 0
configure:14848: result: yes
configure:14848: checking typeinfo presence
configure:14848: g++ -E  conftest.cpp
configure:14848: $? = 0
configure:14848: result: yes
configure:14848: checking for typeinfo
configure:14848: result: yes
configure:14865: g++ -c -g -O2  conftest.cpp >&5
configure:14865: $? = 0
configure:14972: checking for tclsh8.6
configure:14990: found /usr/bin/tclsh8.6
configure:15002: result: /usr/bin/tclsh8.6
configure:15018: checking where Tcl says it lives
configure:15024: checking /usr/share/tcltk/tcl8.6
configure:15033: checking /usr/lib/tcl8.6
configure:15041: result: /usr/lib/tcl8.6
configure:15053: checking for tclConfig.sh
configure:15072: result: /usr/lib/tcl8.6/
configure:15077: checking Tcl configuration on what Tcl needs to compile
configure:15080: result: ok
configure:15085: checking where Tcl includes are
configure:15100: result: -I/usr/include/tcl8.6
configure:15122: checking wish interpreter
configure:15128: checking for wish8.6
configure:15146: found /usr/bin/wish8.6
configure:15158: result: /usr/bin/wish8.6
configure:15173: result: /usr/bin/wish8.6
configure:15185: checking tkConfig.sh
configure:15191: result: /usr/lib/tcl8.6/../tk8.6
configure:15261: checking for cppunit-config
configure:15292: result: no
configure:15302: checking for Cppunit - version >= 
configure:15306: result: no
configure:15396: checking for tclPlus in -lTcl_AppInit
configure:15421: gcc -o conftest -g -O2   conftest.c -lTcl_AppInit   >&5
/usr/bin/ld: cannot find -lTcl_AppInit
collect2: error: ld returned 1 exit status
configure:15421: $? = 1
configure: failed program was:
| /* confdefs.h */
| #define PACKAGE_NAME ""
| #define PACKAGE_TARNAME ""
| #define PACKAGE_VERSION ""
| #define PACKAGE_STRING ""
| #define PACKAGE_BUGREPORT ""
| #define PACKAGE_URL ""
| #define HAVE_PTHREAD_PRIO_INHERIT 1
| #define HAVE_PTHREAD 1
| #define STDC_HEADERS 1
| #define HAVE_SYS_TYPES_H 1
| #define HAVE_SYS_STAT_H 1
| #define HAVE_STDLIB_H 1
| #define HAVE_STRING_H 1
| #define HAVE_MEMORY_H 1
| #define HAVE_STRINGS_H 1
| #define HAVE_INTTYPES_H 1
| #define HAVE_STDINT_H 1
| #define HAVE_UNISTD_H 1
| #define HAVE_DLFCN_H 1
| #define LT_OBJDIR ".libs/"
| #define STDC_HEADERS 1
| #define HAVE_STRING_H 1
| #define HAVE_MALLOC_H 1
| #define HAVE_NETDB_H 1
| #define HAVE_NETINET_IN_H 1
| #define HAVE_FCNTL_H 1
| #define HAVE_SYS_IOCTL_H 1
| #define HAVE_SYS_TIME_H 1
| #define HAVE_ARPA_INET_H 1
| #define HAVE_SYS_SOCKET_H 1
| #define HAVE_LIMITS_H 1
| #define HAVE_STDDEF_H 1
| #define MAJOR_IN_SYSMACROS 1
| #define HAVE_SYS_WAIT_H 1
| #define TIME_WITH_SYS_TIME 1
| #define HAVE_STDLIB_H 1
| #define HAVE_UNISTD_H 1
| #define HAVE_SYS_PARAM_H 1
| #define HAVE_GETPAGESIZE 1
| #define HAVE_MMAP 1
| #define HAVE_STAT 1
| #define HAVE_MALLOC 1
| #define HAVE_MUNMAP 1
| #define HAVE_GETPAGESIZE 1
| #define HAVE_MEMSET 1
| #define HAVE_STRERROR 1
| #define HAVE_GETHOSTBYNAME 1
| #define HAVE_GETHOSTBYADDR 1
| #define HAVE_INET_NTOA 1
| #define HAVE_GETTIMEOFDAY 1
| #define HAVE_SELECT 1
| #define HAVE_STRCHR 1
| #define HAVE_GETHOSTNAME 1
| #define HAVE_GETPASS 1
| #define HAVE_SOCKET 1
| #define HAVE_STRDUP 1
| #define HAVE_STRSTR 1
| #define HAVE_FORK 1
| #define HAVE_CLOCK_GETTIME 1
| #define HAVE_STRTOL 1
| #define HAVE_STRTOUL 1
| #define HAVE_HLESS_IOSTREAM 1
| #define HAVE_HLESS_ISTREAM 1
| #define HAVE_HLESS_OSTREAM 1
| #define HAVE_HLESS_STREAMBUF 1
| #define HAVE_HLESS_FSTREAM 1
| #define HAVE_HLESS_IOMANIP 1
| #define HAVE_HLESS_SSTREAM 1
| #define HAVE_HLESS_TYPEINFO 1
| #define HAVE_STD_NAMESPACE 1
| /* end confdefs.h.  */
| 
| /* Override any GCC internal prototype to avoid an error.
|    Use char because int might match the return type of a GCC
|    builtin and then its argument prototype would still apply.  */
| #ifdef __cplusplus
| extern "C"
| #endif
| char tclPlus ();
| int
| main ()
| {
| return tclPlus ();
|   ;
|   return 0;
| }
configure:15430: result: no
configure:15445: checking Checking for libtclPlus
configure:15454: result: Need to build local tagged copy
configure:15478: checking  for epics includes, libs and binaries
configure:15696: checking that generated files are newer than configure
configure:15702: result: done
configure:15737: creating ./config.status

## ---------------------- ##
## Running config.status. ##
## ---------------------- ##

This file was extended by config.status, which was
generated by GNU Autoconf 2.69.  Invocation command line was

  CONFIG_FILES    = 
  CONFIG_HEADERS  = 
  CONFIG_LINKS    = 
  CONFIG_COMMANDS = 
  $ ./config.status 

on genesis

config.status:1245: creating Makefile
config.status:1245: creating config.h
config.status:1426: config.h is unchanged
config.status:1474: executing depfiles commands
config.status:1551: cd .       && sed -e '/# am--include-marker/d' Makefile         | make -f - am--depfiles
make: Nothing to be done for 'am--depfiles'.
config.status:1556: $? = 0
config.status:1474: executing libtool commands

## ---------------- ##
## Cache variables. ##
## ---------------- ##

ac_cv_build=x86_64-pc-linux-gnu
ac_cv_c_compiler_gnu=yes
ac_cv_c_const=yes
ac_cv_c_inline=inline
ac_cv_cxx_compiler_gnu=yes
ac_cv_env_CCC_set=
ac_cv_env_CCC_value=
ac_cv_env_CC_set=
ac_cv_env_CC_value=
ac_cv_env_CFLAGS_set=
ac_cv_env_CFLAGS_value=
ac_cv_env_CPPFLAGS_set=
ac_cv_env_CPPFLAGS_value=
ac_cv_env_CPP_set=
ac_cv_env_CPP_value=
ac_cv_env_CXXCPP_set=
ac_cv_env_CXXCPP_value=
ac_cv_env_CXXFLAGS_set=
ac_cv_env_CXXFLAGS_value=
ac_cv_env_CXX_set=
ac_cv_env_CXX_value=
ac_cv_env_LDFLAGS_set=
ac_cv_env_LDFLAGS_value=
ac_cv_env_LIBS_set=
ac_cv_env_LIBS_value=
ac_cv_env_LT_SYS_LIBRARY_PATH_set=
ac_cv_env_LT_SYS_LIBRARY_PATH_value=
ac_cv_env_XMKMF_set=
ac_cv_env_XMKMF_value=
ac_cv_env_build_alias_set=
ac_cv_env_build_alias_value=
ac_cv_env_host_alias_set=
ac_cv_env_host_alias_value=
ac_cv_env_target_alias_set=
ac_cv_env_target_alias_value=
ac_cv_func_clock_gettime=yes
ac_cv_func_connect=yes
ac_cv_func_fork=yes
ac_cv_func_gethostbyaddr=yes
ac_cv_func_gethostbyname=yes
ac_cv_func_gethostname=yes
ac_cv_func_getpagesize=yes
ac_cv_func_getpass=yes
ac_cv_func_gettimeofday=yes
ac_cv_func_inet_ntoa=yes
ac_cv_func_malloc=yes
ac_cv_func_memset=yes
ac_cv_func_mmap_fixed_mapped=yes
ac_cv_func_munmap=yes
ac_cv_func_remove=yes
ac_cv_func_select=yes
ac_cv_func_shmat=yes
ac_cv_func_socket=yes
ac_cv_func_stat=yes
ac_cv_func_strchr=yes
ac_cv_func_strdup=yes
ac_cv_func_strerror=yes
ac_cv_func_strstr=yes
ac_cv_func_strtol=yes
ac_cv_func_strtoul=yes
ac_cv_have_x='have_x=yes	ac_x_includes='\'''\''	ac_x_libraries='\'''\'''
ac_cv_header_arpa_inet_h=yes
ac_cv_header_dlfcn_h=yes
ac_cv_header_fcntl_h=yes
ac_cv_header_fstream=yes
ac_cv_header_inttypes_h=yes
ac_cv_header_iomanip=yes
ac_cv_header_iostream=yes
ac_cv_header_istream=yes
ac_cv_header_limits_h=yes
ac_cv_header_malloc_h=yes
ac_cv_header_memory_h=yes
ac_cv_header_netdb_h=yes
ac_cv_header_netinet_in_h=yes
ac_cv_header_ostream=yes
ac_cv_header_sstream=yes
ac_cv_header_stat_broken=no
ac_cv_header_stdc=yes
ac_cv_header_stddef_h=yes
ac_cv_header_stdint_h=yes
ac_cv_header_stdlib_h=yes
ac_cv_header_streambuf=yes
ac_cv_header_string_h=yes
ac_cv_header_strings_h=yes
ac_cv_header_sys_ioctl_h=yes
ac_cv_header_sys_mkdev_h=no
ac_cv_header_sys_param_h=yes
ac_cv_header_sys_socket_h=yes
ac_cv_header_sys_stat_h=yes
ac_cv_header_sys_sysmacros_h=yes
ac_cv_header_sys_time_h=yes
ac_cv_header_sys_types_h=yes
ac_cv_header_sys_types_h_makedev=no
ac_cv_header_sys_wait_h=yes
ac_cv_header_time=yes
ac_cv_header_typeinfo=yes
ac_cv_header_unistd_h=yes
ac_cv_host=x86_64-pc-linux-gnu
ac_cv_lib_ICE_IceConnectionNumber=yes
ac_cv_lib_Tcl_AppInit_tclPlus=no
ac_cv_objext=o
ac_cv_path_CPPUNIT_CONFIG=no
ac_cv_path_DVIPDF=/usr/bin/dvipdf
ac_cv_path_EGREP='/bin/grep -E'
ac_cv_path_FGREP='/bin/grep -F'
ac_cv_path_GREP=/bin/grep
ac_cv_path_HCDOCBOOK=/usr/bin/docbook2dvi
ac_cv_path_HTMLDOCBOOK=/usr/bin/xmlto
ac_cv_path_MANDOCBOOK=/usr/bin/xmlto
ac_cv_path_SED=/bin/sed
ac_cv_path_TCLSH=/usr/bin/tclsh8.6
ac_cv_path_WISH=/usr/bin/wish8.6
ac_cv_path_install='/usr/bin/install -c'
ac_cv_path_lt_DD=/bin/dd
ac_cv_path_mkdir=/bin/mkdir
ac_cv_prog_AWK=gawk
ac_cv_prog_CPP='gcc -E'
ac_cv_prog_CXXCPP='g++ -E'
ac_cv_prog_ac_ct_AR=ar
ac_cv_prog_ac_ct_CC=gcc
ac_cv_prog_ac_ct_CXX=g++
ac_cv_prog_ac_ct_OBJDUMP=objdump
ac_cv_prog_ac_ct_RANLIB=ranlib
ac_cv_prog_ac_ct_STRIP=strip
ac_cv_prog_cc_c89=
ac_cv_prog_cc_g=yes
ac_cv_prog_cxx_g=yes
ac_cv_prog_gcc_traditional=no
ac_cv_prog_make_make_set=yes
ac_cv_struct_tm=time.h
ac_cv_type_off_t=yes
ac_cv_type_pid_t=yes
ac_cv_type_size_t=yes
am_cv_CC_dependencies_compiler_type=gcc3
am_cv_CXX_dependencies_compiler_type=gcc3
am_cv_make_support_nested_variables=yes
am_cv_prog_cc_c_o=yes
ax_cv_PTHREAD_PRIO_INHERIT=yes
lt_cv_ar_at_file=@
lt_cv_archive_cmds_need_lc=no
lt_cv_deplibs_check_method=pass_all
lt_cv_file_magic_cmd='$MAGIC_CMD'
lt_cv_file_magic_test_file=
lt_cv_ld_reload_flag=-r
lt_cv_nm_interface='BSD nm'
lt_cv_objdir=.libs
lt_cv_path_LD=/usr/bin/ld
lt_cv_path_LDCXX='/usr/bin/ld -m elf_x86_64'
lt_cv_path_NM='/usr/bin/nm -B'
lt_cv_path_mainfest_tool=no
lt_cv_prog_compiler_c_o=yes
lt_cv_prog_compiler_c_o_CXX=yes
lt_cv_prog_compiler_pic='-fPIC -DPIC'
lt_cv_prog_compiler_pic_CXX='-fPIC -DPIC'
lt_cv_prog_compiler_pic_works=yes
lt_cv_prog_compiler_pic_works_CXX=yes
lt_cv_prog_compiler_rtti_exceptions=no
lt_cv_prog_compiler_static_works=yes
lt_cv_prog_compiler_static_works_CXX=yes
lt_cv_prog_gnu_ld=yes
lt_cv_prog_gnu_ldcxx=yes
lt_cv_sharedlib_from_linklib_cmd='printf %s\n'
lt_cv_shlibpath_overrides_runpath=yes
lt_cv_sys_global_symbol_pipe='sed -n -e '\''s/^.*[	 ]\([ABCDGIRSTW][ABCDGIRSTW]*\)[	 ][	 ]*\([_A-Za-z][_A-Za-z0-9]*\)$/\1 \2 \2/p'\'' | sed '\''/ __gnu_lto/d'\'''
lt_cv_sys_global_symbol_to_c_name_address='sed -n -e '\''s/^: \(.*\) .*$/  {"\1", (void *) 0},/p'\'' -e '\''s/^[ABCDGIRSTW][ABCDGIRSTW]* .* \(.*\)$/  {"\1", (void *) \&\1},/p'\'''
lt_cv_sys_global_symbol_to_c_name_address_lib_prefix='sed -n -e '\''s/^: \(.*\) .*$/  {"\1", (void *) 0},/p'\'' -e '\''s/^[ABCDGIRSTW][ABCDGIRSTW]* .* \(lib.*\)$/  {"\1", (void *) \&\1},/p'\'' -e '\''s/^[ABCDGIRSTW][ABCDGIRSTW]* .* \(.*\)$/  {"lib\1", (void *) \&\1},/p'\'''
lt_cv_sys_global_symbol_to_cdecl='sed -n -e '\''s/^T .* \(.*\)$/extern int \1();/p'\'' -e '\''s/^[ABCDGIRSTW][ABCDGIRSTW]* .* \(.*\)$/extern char \1;/p'\'''
lt_cv_sys_global_symbol_to_import=
lt_cv_sys_max_cmd_len=1572864
lt_cv_to_host_file_cmd=func_convert_file_noop
lt_cv_to_tool_file_cmd=func_convert_file_noop
lt_cv_truncate_bin='/bin/dd bs=4096 count=1'

## ----------------- ##
## Output variables. ##
## ----------------- ##

ACLOCAL='${SHELL} /fox/EpicsTcl/config/missing aclocal-1.16'
AMDEPBACKSLASH='\'
AMDEP_FALSE='#'
AMDEP_TRUE=''
AMTAR='$${TAR-tar}'
AM_BACKSLASH='\'
AM_DEFAULT_V='$(AM_DEFAULT_VERBOSITY)'
AM_DEFAULT_VERBOSITY='1'
AM_V='$(V)'
AR='ar'
AUTOCONF='${SHELL} /fox/EpicsTcl/config/missing autoconf'
AUTOHEADER='${SHELL} /fox/EpicsTcl/config/missing autoheader'
AUTOMAKE='${SHELL} /fox/EpicsTcl/config/missing automake-1.16'
AWK='gawk'
CC='gcc'
CCDEPMODE='depmode=gcc3'
CFLAGS='-g -O2'
CPP='gcc -E'
CPPFLAGS=''
CPPUNIT_CFLAGS=''
CPPUNIT_CONFIG='no'
CPPUNIT_FALSE=''
CPPUNIT_LIBS=''
CPPUNIT_TRUE='#'
CXX='g++'
CXXCPP='g++ -E'
CXXDEPMODE='depmode=gcc3'
CXXFLAGS='-g -O2'
CYGPATH_W='echo'
DEFS='-DHAVE_CONFIG_H'
DEPDIR='.deps'
DLLTOOL='false'
DSYMUTIL=''
DUMPBIN=''
DVIPDF='/usr/bin/dvipdf'
ECHO_C=''
ECHO_N='-n'
ECHO_T=''
EGREP='/bin/grep -E'
EPICSSOFTWARE='controlpush epicsdisplay chanlog'
EPICS_BIN='-DEPICS_BIN="\"/usr/opt/epics/bin/linux-x86_64\""'
EPICS_INCLUDES='-I/usr/opt/epics/include -I/usr/opt/epics/include/os/Linux -I/usr/opt/epics/include/compiler/gcc'
EPICS_LDFLAGS='-L/usr/opt/epics/lib/linux-x86_64 -lca -lCom -lrt  -Wl,"-rpath=/usr/opt/epics/lib/linux-x86_64"'
EXEEXT=''
FGREP='/bin/grep -F'
GREP='/bin/grep'
HCDOCBOOK='/usr/bin/docbook2dvi'
HTMLDOCBOOK='/usr/bin/xmlto'
INSTALL_DATA='${INSTALL} -m 644'
INSTALL_PROGRAM='${INSTALL}'
INSTALL_SCRIPT='${INSTALL}'
INSTALL_STRIP_PROGRAM='$(install_sh) -c -s'
LD='/usr/bin/ld -m elf_x86_64'
LDFLAGS=''
LIBOBJS=''
LIBS=''
LIBTCLPLUS_CFLAGS='-I/usr/opt/epicstcl/include'
LIBTCLPLUS_LDFLAGS='-L/usr/opt/epicstcl/lib -ltclPlus -lException -Wl,"-rpath=/usr/opt/epicstcl/lib"'
LIBTOOL='$(SHELL) $(top_builddir)/libtool'
LIPO=''
LN_S='ln -s'
LTLIBOBJS=''
LT_SYS_LIBRARY_PATH=''
MAKEINFO='${SHELL} /fox/EpicsTcl/config/missing makeinfo'
MANDOCBOOK='/usr/bin/xmlto man'
MANIFEST_TOOL=':'
MKDIR_P='/bin/mkdir -p'
NM='/usr/bin/nm -B'
NMEDIT=''
OBJDUMP='objdump'
OBJEXT='o'
OSLDFLAGS='-Wl,"-rpath=${exec_prefix}/lib"'
OTOOL64=''
OTOOL=''
PACKAGE='epicstcl'
PACKAGE_BUGREPORT=''
PACKAGE_NAME=''
PACKAGE_STRING=''
PACKAGE_TARNAME=''
PACKAGE_URL=''
PACKAGE_VERSION=''
PATH_SEPARATOR=':'
PTHREAD_CC='gcc'
PTHREAD_CFLAGS='-pthread'
PTHREAD_LIBS=''
RANLIB='ranlib'
SED='/bin/sed'
SET_MAKE=''
SHELL='/bin/bash'
SLIBEXT='.so'
STRIP='strip'
TCLSH='/usr/bin/tclsh8.6'
TCL_CPPFLAGS='-I/usr/include/tcl8.6'
TCL_DEFS='-DPACKAGE_NAME=\"tcl\" -DPACKAGE_TARNAME=\"tcl\" -DPACKAGE_VERSION=\"8.6\" -DPACKAGE_STRING=\"tcl\ 8.6\" -DPACKAGE_BUGREPORT=\"\" -DSTDC_HEADERS=1 -DHAVE_SYS_TYPES_H=1 -DHAVE_SYS_STAT_H=1 -DHAVE_STDLIB_H=1 -DHAVE_STRING_H=1 -DHAVE_MEMORY_H=1 -DHAVE_STRINGS_H=1 -DHAVE_INTTYPES_H=1 -DHAVE_STDINT_H=1 -DHAVE_UNISTD_H=1 -DHAVE_SYS_PARAM_H=1 -DUSE_THREAD_ALLOC=1 -D_REENTRANT=1 -D_THREAD_SAFE=1 -DHAVE_PTHREAD_ATTR_SETSTACKSIZE=1 -DHAVE_PTHREAD_ATFORK=1 -DTCL_THREADS=1 -DTCL_CFGVAL_ENCODING=\"iso8859-1\" -DHAVE_ZLIB=1 -DMODULE_SCOPE=extern\ __attribute__\(\(__visibility__\(\"hidden\"\)\)\) -DHAVE_HIDDEN=1 -DHAVE_CAST_TO_UNION=1 -DTCL_SHLIB_EXT=\".so\" -DNDEBUG=1 -DTCL_CFG_OPTIMIZED=1 -DTCL_TOMMATH=1 -DMP_PREC=4 -D_LARGEFILE64_SOURCE=1 -DTCL_WIDE_INT_IS_LONG=1 -DHAVE_GETCWD=1 -DHAVE_MKSTEMP=1 -DHAVE_OPENDIR=1 -DHAVE_STRTOL=1 -DHAVE_WAITPID=1 -DHAVE_GETNAMEINFO=1 -DHAVE_GETADDRINFO=1 -DHAVE_FREEADDRINFO=1 -DHAVE_GAI_STRERROR=1 -DHAVE_STRUCT_ADDRINFO=1 -DHAVE_STRUCT_IN6_ADDR=1 -DHAVE_STRUCT_SOCKADDR_IN6=1 -DHAVE_STRUCT_SOCKADDR_STORAGE=1 -DHAVE_GETPWUID_R_5=1 -DHAVE_GETPWUID_R=1 -DHAVE_GETPWNAM_R_5=1 -DHAVE_GETPWNAM_R=1 -DHAVE_GETGRGID_R_5=1 -DHAVE_GETGRGID_R=1 -DHAVE_GETGRNAM_R_5=1 -DHAVE_GETGRNAM_R=1 -DHAVE_GETHOSTBYNAME_R_6=1 -DHAVE_GETHOSTBYNAME_R=1 -DHAVE_GETHOSTBYADDR_R_8=1 -DHAVE_GETHOSTBYADDR_R=1 -DHAVE_TERMIOS_H=1 -DHAVE_SYS_IOCTL_H=1 -DHAVE_SYS_TIME_H=1 -DTIME_WITH_SYS_TIME=1 -DHAVE_GMTIME_R=1 -DHAVE_LOCALTIME_R=1 -DHAVE_MKTIME=1 -DHAVE_TM_GMTOFF=1 -DHAVE_TIMEZONE_VAR=1 -DHAVE_STRUCT_STAT_ST_BLOCKS=1 -DHAVE_STRUCT_STAT_ST_BLKSIZE=1 -DHAVE_BLKCNT_T=1 -DHAVE_INTPTR_T=1 -DHAVE_UINTPTR_T=1 -DNO_UNION_WAIT=1 -DHAVE_SIGNED_CHAR=1 -DHAVE_LANGINFO=1 -DHAVE_MKSTEMPS=1 -DHAVE_FTS=1 -DHAVE_SYS_IOCTL_H=1 -DTCL_UNLOAD_DLLS=1 -DHAVE_CPUID=1 '
TCL_LIBS=' -L/usr/lib/x86_64-linux-gnu -ltcl8.6 -ldl -lz  -lpthread -lm'
TK_CPPFLAGS='-I/usr/include/tcl8.6'
TK_DEFS='-DPACKAGE_NAME=\"tk\" -DPACKAGE_TARNAME=\"tk\" -DPACKAGE_VERSION=\"8.6\" -DPACKAGE_STRING=\"tk\ 8.6\" -DPACKAGE_BUGREPORT=\"\" -DSTDC_HEADERS=1 -DHAVE_SYS_TYPES_H=1 -DHAVE_SYS_STAT_H=1 -DHAVE_STDLIB_H=1 -DHAVE_STRING_H=1 -DHAVE_MEMORY_H=1 -DHAVE_STRINGS_H=1 -DHAVE_INTTYPES_H=1 -DHAVE_STDINT_H=1 -DHAVE_UNISTD_H=1 -DUSE_THREAD_ALLOC=1 -D_REENTRANT=1 -D_THREAD_SAFE=1 -DHAVE_PTHREAD_ATTR_SETSTACKSIZE=1 -DHAVE_PTHREAD_ATFORK=1 -DTCL_THREADS=1 -DMODULE_SCOPE=extern\ __attribute__\(\(__visibility__\(\"hidden\"\)\)\) -DHAVE_HIDDEN=1 -DHAVE_CAST_TO_UNION=1 -DTCL_SHLIB_EXT=\".so\" -DNDEBUG=1 -DTCL_CFG_OPTIMIZED=1 -D_LARGEFILE64_SOURCE=1 -DTCL_WIDE_INT_IS_LONG=1 -DHAVE_SYS_TIME_H=1 -DTIME_WITH_SYS_TIME=1 -DHAVE_INTPTR_T=1 -DHAVE_UINTPTR_T=1 -DHAVE_PW_GECOS=1 -DHAVE_LIBXFT=1 -DHAVE_XFT=1 -DHAVE_XKBKEYCODETOKEYSYM=1 -DXKEYCODETOKEYSYM_IS_DEPRECATED=1 -DHAVE_XSS=1 '
TK_LIBS=' -L/usr/lib/x86_64-linux-gnu -ltk8.6 -lX11 -lXss -lXext -lXft -lfontconfig -lfreetype -lfontconfig  -lpthread -ldl -lz  -lpthread -lm'
VERSION='2.3-001'
WISH='/usr/bin/wish8.6'
X11INCS=''
X11LIBS='  -lXm -lXt -lX11'
XMKMF=''
X_CFLAGS=''
X_EXTRA_LIBS=''
X_LIBS=''
X_PRE_LIBS=' -lSM -lICE'
ac_ct_AR='ar'
ac_ct_CC='gcc'
ac_ct_CXX='g++'
ac_ct_DUMPBIN=''
am__EXEEXT_FALSE=''
am__EXEEXT_TRUE='#'
am__fastdepCC_FALSE='#'
am__fastdepCC_TRUE=''
am__fastdepCXX_FALSE='#'
am__fastdepCXX_TRUE=''
am__include='include'
am__isrc=''
am__leading_dot='.'
am__nodep='_no'
am__quote=''
am__tar='$${TAR-tar} chof - "$$tardir"'
am__untar='$${TAR-tar} xf -'
ax_pthread_config=''
bindir='${exec_prefix}/bin'
build='x86_64-pc-linux-gnu'
build_alias=''
build_cpu='x86_64'
build_os='linux-gnu'
build_vendor='pc'
datadir='${datarootdir}'
datarootdir='${prefix}/share'
docdir='${datarootdir}/doc/${PACKAGE}'
dvidir='${docdir}'
exec_prefix='${prefix}'
host='x86_64-pc-linux-gnu'
host_alias=''
host_cpu='x86_64'
host_os='linux-gnu'
host_vendor='pc'
htmldir='${docdir}'
includedir='${prefix}/include'
infodir='${datarootdir}/info'
install_sh='${SHELL} /fox/EpicsTcl/config/install-sh'
libdir='${exec_prefix}/lib'
libexecdir='${exec_prefix}/libexec'
localedir='${datarootdir}/locale'
localstatedir='${prefix}/var'
mandir='${datarootdir}/man'
mkdir_p='$(MKDIR_P)'
oldincludedir='/usr/include'
pdfdir='${docdir}'
prefix='/usr/opt/epicstcl'
program_transform_name='s,x,x,'
psdir='${docdir}'
runstatedir='${localstatedir}/run'
sbindir='${exec_prefix}/sbin'
sharedstatedir='${prefix}/com'
sysconfdir='${prefix}/etc'
target_alias=''

## ----------- ##
## confdefs.h. ##
## ----------- ##

/* confdefs.h */
#define PACKAGE_NAME ""
#define PACKAGE_TARNAME ""
#define PACKAGE_VERSION ""
#define PACKAGE_STRING ""
#define PACKAGE_BUGREPORT ""
#define PACKAGE_URL ""
#define HAVE_PTHREAD_PRIO_INHERIT 1
#define HAVE_PTHREAD 1
#define STDC_HEADERS 1
#define HAVE_SYS_TYPES_H 1
#define HAVE_SYS_STAT_H 1
#define HAVE_STDLIB_H 1
#define HAVE_STRING_H 1
#define HAVE_MEMORY_H 1
#define HAVE_STRINGS_H 1
#define HAVE_INTTYPES_H 1
#define HAVE_STDINT_H 1
#define HAVE_UNISTD_H 1
#define HAVE_DLFCN_H 1
#define LT_OBJDIR ".libs/"
#define STDC_HEADERS 1
#define HAVE_STRING_H 1
#define HAVE_MALLOC_H 1
#define HAVE_NETDB_H 1
#define HAVE_NETINET_IN_H 1
#define HAVE_FCNTL_H 1
#define HAVE_SYS_IOCTL_H 1
#define HAVE_SYS_TIME_H 1
#define HAVE_ARPA_INET_H 1
#define HAVE_SYS_SOCKET_H 1
#define HAVE_LIMITS_H 1
#define HAVE_STDDEF_H 1
#define MAJOR_IN_SYSMACROS 1
#define HAVE_SYS_WAIT_H 1
#define TIME_WITH_SYS_TIME 1
#define HAVE_STDLIB_H 1
#define HAVE_UNISTD_H 1
#define HAVE_SYS_PARAM_H 1
#define HAVE_GETPAGESIZE 1
#define HAVE_MMAP 1
#define HAVE_STAT 1
#define HAVE_MALLOC 1
#define HAVE_MUNMAP 1
#define HAVE_GETPAGESIZE 1
#define HAVE_MEMSET 1
#define HAVE_STRERROR 1
#define HAVE_GETHOSTBYNAME 1
#define HAVE_GETHOSTBYADDR 1
#define HAVE_INET_NTOA 1
#define HAVE_GETTIMEOFDAY 1
#define HAVE_SELECT 1
#define HAVE_STRCHR 1
#define HAVE_GETHOSTNAME 1
#define HAVE_GETPASS 1
#define HAVE_SOCKET 1
#define HAVE_STRDUP 1
#define HAVE_STRSTR 1
#define HAVE_FORK 1
#define HAVE_CLOCK_GETTIME 1
#define HAVE_STRTOL 1
#define HAVE_STRTOUL 1
#define HAVE_HLESS_IOSTREAM 1
#define HAVE_HLESS_ISTREAM 1
#define HAVE_HLESS_OSTREAM 1
#define HAVE_HLESS_STREAMBUF 1
#define HAVE_HLESS_FSTREAM 1
#define HAVE_HLESS_IOMANIP 1
#define HAVE_HLESS_SSTREAM 1
#define HAVE_HLESS_TYPEINFO 1
#define HAVE_STD_NAMESPACE 1

configure: exit 0
